\BOOKMARK [1][-]{section*.1}{Contents}{}% 1
\BOOKMARK [1][-]{section.1}{Module circuits}{}% 2
\BOOKMARK [2][-]{subsection.1.1}{Variables}{section.1}% 3
\BOOKMARK [2][-]{subsection.1.2}{Class Circuit}{section.1}% 4
\BOOKMARK [3][-]{subsubsection.1.2.1}{Methods}{subsection.1.2}% 5
\BOOKMARK [3][-]{subsubsection.1.2.2}{Properties}{subsection.1.2}% 6
\BOOKMARK [3][-]{subsubsection.1.2.3}{Instance Variables}{subsection.1.2}% 7
\BOOKMARK [1][-]{section.2}{Module component}{}% 8
\BOOKMARK [2][-]{subsection.2.1}{Variables}{section.2}% 9
\BOOKMARK [2][-]{subsection.2.2}{Class Component}{section.2}% 10
\BOOKMARK [3][-]{subsubsection.2.2.1}{Methods}{subsection.2.2}% 11
\BOOKMARK [3][-]{subsubsection.2.2.2}{Properties}{subsection.2.2}% 12
\BOOKMARK [2][-]{subsection.2.3}{Class Port}{section.2}% 13
\BOOKMARK [3][-]{subsubsection.2.3.1}{Methods}{subsection.2.3}% 14
\BOOKMARK [3][-]{subsubsection.2.3.2}{Properties}{subsection.2.3}% 15
\BOOKMARK [3][-]{subsubsection.2.3.3}{Class Variables}{subsection.2.3}% 16
\BOOKMARK [2][-]{subsection.2.4}{Class Not}{section.2}% 17
\BOOKMARK [3][-]{subsubsection.2.4.1}{Methods}{subsection.2.4}% 18
\BOOKMARK [3][-]{subsubsection.2.4.2}{Properties}{subsection.2.4}% 19
\BOOKMARK [3][-]{subsubsection.2.4.3}{Class Variables}{subsection.2.4}% 20
\BOOKMARK [3][-]{subsubsection.2.4.4}{Instance Variables}{subsection.2.4}% 21
\BOOKMARK [2][-]{subsection.2.5}{Class Or}{section.2}% 22
\BOOKMARK [3][-]{subsubsection.2.5.1}{Methods}{subsection.2.5}% 23
\BOOKMARK [3][-]{subsubsection.2.5.2}{Properties}{subsection.2.5}% 24
\BOOKMARK [3][-]{subsubsection.2.5.3}{Class Variables}{subsection.2.5}% 25
\BOOKMARK [3][-]{subsubsection.2.5.4}{Instance Variables}{subsection.2.5}% 26
\BOOKMARK [2][-]{subsection.2.6}{Class And}{section.2}% 27
\BOOKMARK [3][-]{subsubsection.2.6.1}{Methods}{subsection.2.6}% 28
\BOOKMARK [3][-]{subsubsection.2.6.2}{Properties}{subsection.2.6}% 29
\BOOKMARK [3][-]{subsubsection.2.6.3}{Class Variables}{subsection.2.6}% 30
\BOOKMARK [3][-]{subsubsection.2.6.4}{Instance Variables}{subsection.2.6}% 31
\BOOKMARK [2][-]{subsection.2.7}{Class Fuse}{section.2}% 32
\BOOKMARK [3][-]{subsubsection.2.7.1}{Methods}{subsection.2.7}% 33
\BOOKMARK [3][-]{subsubsection.2.7.2}{Properties}{subsection.2.7}% 34
\BOOKMARK [3][-]{subsubsection.2.7.3}{Class Variables}{subsection.2.7}% 35
\BOOKMARK [3][-]{subsubsection.2.7.4}{Instance Variables}{subsection.2.7}% 36
\BOOKMARK [2][-]{subsection.2.8}{Class Wire}{section.2}% 37
\BOOKMARK [3][-]{subsubsection.2.8.1}{Methods}{subsection.2.8}% 38
\BOOKMARK [3][-]{subsubsection.2.8.2}{Properties}{subsection.2.8}% 39
\BOOKMARK [3][-]{subsubsection.2.8.3}{Class Variables}{subsection.2.8}% 40
\BOOKMARK [2][-]{subsection.2.9}{Class InPin}{section.2}% 41
\BOOKMARK [3][-]{subsubsection.2.9.1}{Methods}{subsection.2.9}% 42
\BOOKMARK [3][-]{subsubsection.2.9.2}{Properties}{subsection.2.9}% 43
\BOOKMARK [3][-]{subsubsection.2.9.3}{Instance Variables}{subsection.2.9}% 44
\BOOKMARK [2][-]{subsection.2.10}{Class OutPin}{section.2}% 45
\BOOKMARK [3][-]{subsubsection.2.10.1}{Methods}{subsection.2.10}% 46
\BOOKMARK [3][-]{subsubsection.2.10.2}{Properties}{subsection.2.10}% 47
\BOOKMARK [3][-]{subsubsection.2.10.3}{Class Variables}{subsection.2.10}% 48
\BOOKMARK [3][-]{subsubsection.2.10.4}{Instance Variables}{subsection.2.10}% 49
\BOOKMARK [1][-]{section.3}{Module pla}{}% 50
\BOOKMARK [2][-]{subsection.3.1}{Functions}{section.3}% 51
\BOOKMARK [2][-]{subsection.3.2}{Variables}{section.3}% 52
\BOOKMARK [2][-]{subsection.3.3}{Class Pla}{section.3}% 53
\BOOKMARK [3][-]{subsubsection.3.3.1}{Methods}{subsection.3.3}% 54
\BOOKMARK [3][-]{subsubsection.3.3.2}{Properties}{subsection.3.3}% 55
\BOOKMARK [3][-]{subsubsection.3.3.3}{Class Variables}{subsection.3.3}% 56
\BOOKMARK [3][-]{subsubsection.3.3.4}{Instance Variables}{subsection.3.3}% 57
\BOOKMARK [1][-]{section*.2}{Index}{}% 58
